0 verbose cli /Users/ngatyebrianoko/.nvm/versions/node/v20.18.0/bin/node /Users/ngatyebrianoko/.nvm/versions/node/v20.18.0/bin/npm
1 info using npm@10.8.2
2 info using node@v20.18.0
3 silly config load:file:/Users/ngatyebrianoko/.nvm/versions/node/v20.18.0/lib/node_modules/npm/npmrc
4 silly config load:file:/Users/ngatyebrianoko/Documents/Design Projects/Explorimentalist/GPT_apps/elanjiminyya2/.npmrc
5 silly config load:file:/Users/ngatyebrianoko/.npmrc
6 silly config load:file:/Users/ngatyebrianoko/.nvm/versions/node/v20.18.0/etc/npmrc
7 verbose title npm install @netlify/functions
8 verbose argv "install" "--save-dev" "@netlify/functions"
9 verbose logfile logs-max:10 dir:/Users/ngatyebrianoko/Documents/Design Projects/Explorimentalist/GPT_apps/elanjiminyya2/.npm-cache/_logs/2024-11-14T22_20_27_893Z-
10 verbose logfile /Users/ngatyebrianoko/Documents/Design Projects/Explorimentalist/GPT_apps/elanjiminyya2/.npm-cache/_logs/2024-11-14T22_20_27_893Z-debug-0.log
11 silly packumentCache heap:4345298944 maxSize:1086324736 maxEntrySize:543162368
12 silly logfile start cleaning logs, removing 1 files
13 silly logfile done cleaning log files
14 silly idealTree buildDeps
15 silly fetch manifest @netlify/functions@*
16 silly packumentCache full:https://registry.npmjs.org/@netlify%2ffunctions cache-miss
17 http fetch GET 200 https://registry.npmjs.org/@netlify%2ffunctions 1476ms (cache miss)
18 silly packumentCache full:https://registry.npmjs.org/@netlify%2ffunctions set size:undefined disposed:false
19 silly placeDep ROOT @netlify/functions@2.8.2 OK for: app@0.1.0 want: *
20 silly fetch manifest @netlify/serverless-functions-api@1.26.1
21 silly packumentCache full:https://registry.npmjs.org/@netlify%2fserverless-functions-api cache-miss
22 http fetch GET 200 https://registry.npmjs.org/@netlify%2fserverless-functions-api 142ms (cache miss)
23 silly packumentCache full:https://registry.npmjs.org/@netlify%2fserverless-functions-api set size:undefined disposed:false
24 silly placeDep ROOT @netlify/serverless-functions-api@1.26.1 OK for: @netlify/functions@2.8.2 want: 1.26.1
25 silly fetch manifest urlpattern-polyfill@8.0.2
26 silly packumentCache full:https://registry.npmjs.org/urlpattern-polyfill cache-miss
27 silly fetch manifest @netlify/node-cookies@^0.1.0
28 silly packumentCache full:https://registry.npmjs.org/@netlify%2fnode-cookies cache-miss
29 http fetch GET 200 https://registry.npmjs.org/@netlify%2fnode-cookies 189ms (cache miss)
30 silly packumentCache full:https://registry.npmjs.org/@netlify%2fnode-cookies set size:undefined disposed:false
31 http fetch GET 200 https://registry.npmjs.org/urlpattern-polyfill 191ms (cache miss)
32 silly packumentCache full:https://registry.npmjs.org/urlpattern-polyfill set size:undefined disposed:false
33 silly placeDep ROOT @netlify/node-cookies@0.1.0 OK for: @netlify/serverless-functions-api@1.26.1 want: ^0.1.0
34 silly placeDep ROOT urlpattern-polyfill@8.0.2 OK for: @netlify/serverless-functions-api@1.26.1 want: 8.0.2
35 silly reify moves {}
36 silly audit bulk request {
36 silly audit   '@alloc/quick-lru': [ '5.2.0' ],
36 silly audit   '@eslint-community/eslint-utils': [ '4.4.1' ],
36 silly audit   '@eslint-community/regexpp': [ '4.12.1' ],
36 silly audit   '@eslint/eslintrc': [ '2.1.4' ],
36 silly audit   '@eslint/js': [ '8.57.1' ],
36 silly audit   '@floating-ui/core': [ '1.6.8' ],
36 silly audit   '@floating-ui/dom': [ '1.6.12' ],
36 silly audit   '@floating-ui/react-dom': [ '2.1.2' ],
36 silly audit   '@floating-ui/utils': [ '0.2.8' ],
36 silly audit   '@humanwhocodes/config-array': [ '0.13.0' ],
36 silly audit   '@humanwhocodes/module-importer': [ '1.0.1' ],
36 silly audit   '@humanwhocodes/object-schema': [ '2.0.3' ],
36 silly audit   '@isaacs/cliui': [ '8.0.2' ],
36 silly audit   'ansi-regex': [ '6.1.0', '5.0.1' ],
36 silly audit   'strip-ansi': [ '7.1.0', '6.0.1' ],
36 silly audit   '@jridgewell/gen-mapping': [ '0.3.5' ],
36 silly audit   '@jridgewell/resolve-uri': [ '3.1.2' ],
36 silly audit   '@jridgewell/set-array': [ '1.2.1' ],
36 silly audit   '@jridgewell/sourcemap-codec': [ '1.5.0' ],
36 silly audit   '@jridgewell/trace-mapping': [ '0.3.25' ],
36 silly audit   '@next/env': [ '14.2.18' ],
36 silly audit   '@next/eslint-plugin-next': [ '14.2.10' ],
36 silly audit   '@next/swc-darwin-arm64': [ '14.2.18' ],
36 silly audit   '@next/swc-darwin-x64': [ '14.2.18' ],
36 silly audit   '@next/swc-linux-arm64-gnu': [ '14.2.18' ],
36 silly audit   '@next/swc-linux-arm64-musl': [ '14.2.18' ],
36 silly audit   '@next/swc-linux-x64-gnu': [ '14.2.18' ],
36 silly audit   '@next/swc-linux-x64-musl': [ '14.2.18' ],
36 silly audit   '@next/swc-win32-arm64-msvc': [ '14.2.18' ],
36 silly audit   '@next/swc-win32-ia32-msvc': [ '14.2.18' ],
36 silly audit   '@next/swc-win32-x64-msvc': [ '14.2.18' ],
36 silly audit   '@nodelib/fs.scandir': [ '2.1.5' ],
36 silly audit   '@nodelib/fs.stat': [ '2.0.5' ],
36 silly audit   '@nodelib/fs.walk': [ '1.2.8' ],
36 silly audit   '@nolyfill/is-core-module': [ '1.0.39' ],
36 silly audit   '@one-ini/wasm': [ '0.1.1' ],
36 silly audit   '@pkgjs/parseargs': [ '0.11.0' ],
36 silly audit   '@radix-ui/number': [ '1.1.0' ],
36 silly audit   '@radix-ui/primitive': [ '1.1.0' ],
36 silly audit   '@radix-ui/react-arrow': [ '1.1.0' ],
36 silly audit   '@radix-ui/react-collection': [ '1.1.0' ],
36 silly audit   '@radix-ui/react-context': [ '1.1.0', '1.1.1' ],
36 silly audit   '@radix-ui/react-compose-refs': [ '1.1.0' ],
36 silly audit   '@radix-ui/react-dialog': [ '1.1.2' ],
36 silly audit   '@radix-ui/react-direction': [ '1.1.0' ],
36 silly audit   '@radix-ui/react-dismissable-layer': [ '1.1.1' ],
36 silly audit   '@radix-ui/react-focus-guards': [ '1.1.1' ],
36 silly audit   '@radix-ui/react-focus-scope': [ '1.1.0' ],
36 silly audit   '@radix-ui/react-id': [ '1.1.0' ],
36 silly audit   '@radix-ui/react-label': [ '2.1.0' ],
36 silly audit   '@radix-ui/react-popover': [ '1.1.2' ],
36 silly audit   '@radix-ui/react-popper': [ '1.2.0' ],
36 silly audit   '@radix-ui/react-portal': [ '1.1.2' ],
36 silly audit   '@radix-ui/react-presence': [ '1.1.1' ],
36 silly audit   '@radix-ui/react-primitive': [ '2.0.0' ],
36 silly audit   '@radix-ui/react-select': [ '2.1.2' ],
36 silly audit   '@radix-ui/react-slot': [ '1.1.0' ],
36 silly audit   '@radix-ui/react-toast': [ '1.2.2' ],
36 silly audit   '@radix-ui/react-use-callback-ref': [ '1.1.0' ],
36 silly audit   '@radix-ui/react-use-controllable-state': [ '1.1.0' ],
36 silly audit   '@radix-ui/react-use-escape-keydown': [ '1.1.0' ],
36 silly audit   '@radix-ui/react-use-layout-effect': [ '1.1.0' ],
36 silly audit   '@radix-ui/react-use-previous': [ '1.1.0' ],
36 silly audit   '@radix-ui/react-use-rect': [ '1.1.0' ],
36 silly audit   '@radix-ui/react-use-size': [ '1.1.0' ],
36 silly audit   '@radix-ui/react-visually-hidden': [ '1.1.0' ],
36 silly audit   '@radix-ui/rect': [ '1.1.0' ],
36 silly audit   '@react-email/body': [ '0.0.10' ],
36 silly audit   '@react-email/button': [ '0.0.18' ],
36 silly audit   '@react-email/code-block': [ '0.0.9' ],
36 silly audit   '@react-email/code-inline': [ '0.0.4' ],
36 silly audit   '@react-email/column': [ '0.0.12' ],
36 silly audit   '@react-email/components': [ '0.0.26' ],
36 silly audit   '@react-email/container': [ '0.0.14' ],
36 silly audit   '@react-email/font': [ '0.0.8' ],
36 silly audit   '@react-email/head': [ '0.0.11' ],
36 silly audit   '@react-email/heading': [ '0.0.14' ],
36 silly audit   '@react-email/hr': [ '0.0.10' ],
36 silly audit   '@react-email/html': [ '0.0.10' ],
36 silly audit   '@react-email/img': [ '0.0.10' ],
36 silly audit   '@react-email/link': [ '0.0.11' ],
36 silly audit   '@react-email/markdown': [ '0.0.12' ],
36 silly audit   '@react-email/preview': [ '0.0.11' ],
36 silly audit   '@react-email/render': [ '1.0.2', '1.0.1' ],
36 silly audit   '@react-email/row': [ '0.0.11' ],
36 silly audit   '@react-email/section': [ '0.0.15' ],
36 silly audit   '@react-email/tailwind': [ '1.0.0' ],
36 silly audit   '@react-email/text': [ '0.0.10' ],
36 silly audit   '@rtsao/scc': [ '1.1.0' ],
36 silly audit   '@rushstack/eslint-patch': [ '1.10.4' ],
36 silly audit   '@selderee/plugin-htmlparser2': [ '0.11.0' ],
36 silly audit   '@swc/counter': [ '0.1.3' ],
36 silly audit   '@swc/helpers': [ '0.5.5' ],
36 silly audit   '@types/json-schema': [ '7.0.15' ],
36 silly audit   '@types/json5': [ '0.0.29' ],
36 silly audit   '@types/node': [ '20.17.6' ],
36 silly audit   '@types/prop-types': [ '15.7.13' ],
36 silly audit   '@types/react': [ '18.3.12' ],
36 silly audit   '@types/react-dom': [ '18.3.1' ],
36 silly audit   '@types/semver': [ '7.5.8' ],
36 silly audit   '@typescript-eslint/eslint-plugin': [ '7.2.0' ],
36 silly audit   '@typescript-eslint/parser': [ '7.2.0' ],
36 silly audit   '@typescript-eslint/scope-manager': [ '7.2.0' ],
36 silly audit   '@typescript-eslint/type-utils': [ '7.2.0' ],
36 silly audit   '@typescript-eslint/types': [ '7.2.0' ],
36 silly audit   '@typescript-eslint/typescript-estree': [ '7.2.0' ],
36 silly audit   'brace-expansion': [ '2.0.1', '1.1.11' ],
36 silly audit   minimatch: [ '9.0.3', '9.0.1', '9.0.5', '3.1.2' ],
36 silly audit   '@typescript-eslint/utils': [ '7.2.0' ],
36 silly audit   '@typescript-eslint/visitor-keys': [ '7.2.0' ],
36 silly audit   '@ungap/structured-clone': [ '1.2.0' ],
36 silly audit   abbrev: [ '2.0.0' ],
36 silly audit   acorn: [ '8.14.0' ],
36 silly audit   'acorn-jsx': [ '5.3.2' ],
36 silly audit   ajv: [ '6.12.6' ],
36 silly audit   'ansi-styles': [ '4.3.0', '6.2.1' ],
36 silly audit   'any-promise': [ '1.3.0' ],
36 silly audit   anymatch: [ '3.1.3' ],
36 silly audit   arg: [ '5.0.2' ],
36 silly audit   argparse: [ '2.0.1' ],
36 silly audit   'aria-hidden': [ '1.2.4' ],
36 silly audit   'aria-query': [ '5.3.2' ],
36 silly audit   'array-buffer-byte-length': [ '1.0.1' ],
36 silly audit   'array-includes': [ '3.1.8' ],
36 silly audit   'array-union': [ '2.1.0' ],
36 silly audit   'array.prototype.findlast': [ '1.2.5' ],
36 silly audit   'array.prototype.findlastindex': [ '1.2.5' ],
36 silly audit   'array.prototype.flat': [ '1.3.2' ],
36 silly audit   'array.prototype.flatmap': [ '1.3.2' ],
36 silly audit   'array.prototype.tosorted': [ '1.1.4' ],
36 silly audit   'arraybuffer.prototype.slice': [ '1.0.3' ],
36 silly audit   'ast-types-flow': [ '0.0.8' ],
36 silly audit   asynckit: [ '0.4.0' ],
36 silly audit   'available-typed-arrays': [ '1.0.7' ],
36 silly audit   'axe-core': [ '4.10.2' ],
36 silly audit   axios: [ '1.7.7' ],
36 silly audit   'axobject-query': [ '4.1.0' ],
36 silly audit   'balanced-match': [ '1.0.2' ],
36 silly audit   'binary-extensions': [ '2.3.0' ],
36 silly audit   braces: [ '3.0.3' ],
36 silly audit   busboy: [ '1.6.0' ],
36 silly audit   'call-bind': [ '1.0.7' ],
36 silly audit   callsites: [ '3.1.0' ],
36 silly audit   'camelcase-css': [ '2.0.1' ],
36 silly audit   'caniuse-lite': [ '1.0.30001680' ],
36 silly audit   chalk: [ '4.1.2' ],
36 silly audit   chokidar: [ '3.6.0' ],
36 silly audit   'glob-parent': [ '5.1.2', '6.0.2' ],
36 silly audit   'class-variance-authority': [ '0.7.0' ],
36 silly audit   clsx: [ '2.0.0', '2.1.1' ],
36 silly audit   'client-only': [ '0.0.1' ],
36 silly audit   cmdk: [ '1.0.4' ],
36 silly audit   'color-convert': [ '2.0.1' ],
36 silly audit   'color-name': [ '1.1.4' ],
36 silly audit   'combined-stream': [ '1.0.8' ],
36 silly audit   commander: [ '10.0.1', '4.1.1' ],
36 silly audit   'concat-map': [ '0.0.1' ],
36 silly audit   'config-chain': [ '1.1.13' ],
36 silly audit   'cross-spawn': [ '7.0.5' ],
36 silly audit   cssesc: [ '3.0.0' ],
36 silly audit   csstype: [ '3.1.3' ],
36 silly audit   'damerau-levenshtein': [ '1.0.8' ],
36 silly audit   'data-view-buffer': [ '1.0.1' ],
36 silly audit   'data-view-byte-length': [ '1.0.1' ],
36 silly audit   'data-view-byte-offset': [ '1.0.0' ],
36 silly audit   debug: [ '4.3.7', '3.2.7' ],
36 silly audit   'deep-is': [ '0.1.4' ],
36 silly audit   deepmerge: [ '4.3.1' ],
36 silly audit   'define-data-property': [ '1.1.4' ],
36 silly audit   'define-properties': [ '1.2.1' ],
36 silly audit   'delayed-stream': [ '1.0.0' ],
36 silly audit   'detect-node-es': [ '1.1.0' ],
36 silly audit   didyoumean: [ '1.2.2' ],
36 silly audit   'dir-glob': [ '3.0.1' ],
36 silly audit   dlv: [ '1.1.3' ],
36 silly audit   doctrine: [ '3.0.0', '2.1.0' ],
36 silly audit   'dom-serializer': [ '2.0.0' ],
36 silly audit   domelementtype: [ '2.3.0' ],
36 silly audit   domhandler: [ '5.0.3' ],
36 silly audit   domutils: [ '3.1.0' ],
36 silly audit   eastasianwidth: [ '0.2.0' ],
36 silly audit   editorconfig: [ '1.0.4' ],
36 silly audit   'emoji-regex': [ '9.2.2', '8.0.0' ],
36 silly audit   'enhanced-resolve': [ '5.17.1' ],
36 silly audit   entities: [ '4.5.0' ],
36 silly audit   'es-abstract': [ '1.23.4' ],
36 silly audit   'es-define-property': [ '1.0.0' ],
36 silly audit   'es-errors': [ '1.3.0' ],
36 silly audit   'es-iterator-helpers': [ '1.2.0' ],
36 silly audit   'es-object-atoms': [ '1.0.0' ],
36 silly audit   'es-set-tostringtag': [ '2.0.3' ],
36 silly audit   'es-shim-unscopables': [ '1.0.2' ],
36 silly audit   'es-to-primitive': [ '1.2.1' ],
36 silly audit   'escape-string-regexp': [ '4.0.0' ],
36 silly audit   eslint: [ '8.57.1' ],
36 silly audit   'eslint-config-next': [ '14.2.10' ],
36 silly audit   'eslint-import-resolver-node': [ '0.3.9' ],
36 silly audit   'eslint-import-resolver-typescript': [ '3.6.3' ],
36 silly audit   'eslint-module-utils': [ '2.12.0' ],
36 silly audit   'eslint-plugin-import': [ '2.31.0' ],
36 silly audit   semver: [ '6.3.1', '7.6.3' ],
36 silly audit   'eslint-plugin-jsx-a11y': [ '6.10.2' ],
36 silly audit   'eslint-plugin-react': [ '7.37.2' ],
36 silly audit   'eslint-plugin-react-hooks': [ '5.0.0-canary-7118f5dd7-20230705' ],
36 silly audit   resolve: [ '2.0.0-next.5', '1.22.8' ],
36 silly audit   'eslint-scope': [ '7.2.2' ],
36 silly audit   'eslint-visitor-keys': [ '3.4.3' ],
36 silly audit   espree: [ '9.6.1' ],
36 silly audit   esquery: [ '1.6.0' ],
36 silly audit   esrecurse: [ '4.3.0' ],
36 silly audit   estraverse: [ '5.3.0' ],
36 silly audit   esutils: [ '2.0.3' ],
36 silly audit   'fast-deep-equal': [ '3.1.3', '2.0.1' ],
36 silly audit   'fast-glob': [ '3.3.2' ],
36 silly audit   'fast-json-stable-stringify': [ '2.1.0' ],
36 silly audit   'fast-levenshtein': [ '2.0.6' ],
36 silly audit   fastq: [ '1.17.1' ],
36 silly audit   'file-entry-cache': [ '6.0.1' ],
36 silly audit   'fill-range': [ '7.1.1' ],
36 silly audit   'find-up': [ '5.0.0' ],
36 silly audit   'flat-cache': [ '3.2.0' ],
36 silly audit   flatted: [ '3.3.1' ],
36 silly audit   'follow-redirects': [ '1.15.9' ],
36 silly audit   'for-each': [ '0.3.3' ],
36 silly audit   'foreground-child': [ '3.3.0' ],
36 silly audit   'form-data': [ '4.0.1' ],
36 silly audit   'framer-motion': [ '11.11.17' ],
36 silly audit   'fs.realpath': [ '1.0.0' ],
36 silly audit   fsevents: [ '2.3.3' ],
36 silly audit   'function-bind': [ '1.1.2' ],
36 silly audit   'function.prototype.name': [ '1.1.6' ],
36 silly audit   'functions-have-names': [ '1.2.3' ],
36 silly audit   'get-intrinsic': [ '1.2.4' ],
36 silly audit   'get-nonce': [ '1.0.1' ],
36 silly audit   'get-symbol-description': [ '1.0.2' ],
36 silly audit   'get-tsconfig': [ '4.8.1' ],
36 silly audit   glob: [ '10.3.10', '7.2.3' ],
36 silly audit   globals: [ '13.24.0' ],
36 silly audit   globalthis: [ '1.0.4' ],
36 silly audit   globby: [ '11.1.0' ],
36 silly audit   gopd: [ '1.0.1' ],
36 silly audit   'graceful-fs': [ '4.2.11' ],
36 silly audit   graphemer: [ '1.4.0' ],
36 silly audit   'has-bigints': [ '1.0.2' ],
36 silly audit   'has-flag': [ '4.0.0' ],
36 silly audit   'has-property-descriptors': [ '1.0.2' ],
36 silly audit   'has-proto': [ '1.0.3' ],
36 silly audit   'has-symbols': [ '1.0.3' ],
36 silly audit   'has-tostringtag': [ '1.0.2' ],
36 silly audit   hasown: [ '2.0.2' ],
36 silly audit   'html-to-text': [ '9.0.5' ],
36 silly audit   htmlparser2: [ '8.0.2' ],
36 silly audit   ignore: [ '5.3.2' ],
36 silly audit   'import-fresh': [ '3.3.0' ],
36 silly audit   imurmurhash: [ '0.1.4' ],
36 silly audit   inflight: [ '1.0.6' ],
36 silly audit   inherits: [ '2.0.4' ],
36 silly audit   ini: [ '1.3.8' ],
36 silly audit   'internal-slot': [ '1.0.7' ],
36 silly audit   invariant: [ '2.2.4' ],
36 silly audit   'is-array-buffer': [ '3.0.4' ],
36 silly audit   'is-async-function': [ '2.0.0' ],
36 silly audit   'is-bigint': [ '1.0.4' ],
36 silly audit   'is-binary-path': [ '2.1.0' ],
36 silly audit   'is-boolean-object': [ '1.1.2' ],
36 silly audit   'is-bun-module': [ '1.2.1' ],
36 silly audit   'is-callable': [ '1.2.7' ],
36 silly audit   'is-core-module': [ '2.15.1' ],
36 silly audit   'is-data-view': [ '1.0.1' ],
36 silly audit   'is-date-object': [ '1.0.5' ],
36 silly audit   'is-extglob': [ '2.1.1' ],
36 silly audit   'is-finalizationregistry': [ '1.0.2' ],
36 silly audit   'is-fullwidth-code-point': [ '3.0.0' ],
36 silly audit   'is-generator-function': [ '1.0.10' ],
36 silly audit   'is-glob': [ '4.0.3' ],
36 silly audit   'is-map': [ '2.0.3' ],
36 silly audit   'is-negative-zero': [ '2.0.3' ],
36 silly audit   'is-number': [ '7.0.0' ],
36 silly audit   'is-number-object': [ '1.0.7' ],
36 silly audit   'is-path-inside': [ '3.0.3' ],
36 silly audit   'is-regex': [ '1.1.4' ],
36 silly audit   'is-set': [ '2.0.3' ],
36 silly audit   'is-shared-array-buffer': [ '1.0.3' ],
36 silly audit   'is-string': [ '1.0.7' ],
36 silly audit   'is-symbol': [ '1.0.4' ],
36 silly audit   'is-typed-array': [ '1.1.13' ],
36 silly audit   'is-weakmap': [ '2.0.2' ],
36 silly audit   'is-weakref': [ '1.0.2' ],
36 silly audit   'is-weakset': [ '2.0.3' ],
36 silly audit   isarray: [ '2.0.5' ],
36 silly audit   isexe: [ '2.0.0' ],
36 silly audit   'iterator.prototype': [ '1.1.3' ],
36 silly audit   jackspeak: [ '2.3.6' ],
36 silly audit   jiti: [ '1.21.6' ],
36 silly audit   'js-beautify': [ '1.15.1' ],
36 silly audit   'js-cookie': [ '3.0.5' ],
36 silly audit   'js-tokens': [ '4.0.0' ],
36 silly audit   'js-yaml': [ '4.1.0' ],
36 silly audit   'json-buffer': [ '3.0.1' ],
36 silly audit   'json-schema-traverse': [ '0.4.1' ],
36 silly audit   'json-stable-stringify-without-jsonify': [ '1.0.1' ],
36 silly audit   json5: [ '1.0.2' ],
36 silly audit   'jsx-ast-utils': [ '3.3.5' ],
36 silly audit   keyv: [ '4.5.4' ],
36 silly audit   'language-subtag-registry': [ '0.3.23' ],
36 silly audit   'language-tags': [ '1.0.9' ],
36 silly audit   leac: [ '0.6.0' ],
36 silly audit   levn: [ '0.4.1' ],
36 silly audit   lilconfig: [ '2.1.0', '3.1.2' ],
36 silly audit   'lines-and-columns': [ '1.2.4' ],
36 silly audit   'locate-path': [ '6.0.0' ],
36 silly audit   'lodash.merge': [ '4.6.2' ],
36 silly audit   'loose-envify': [ '1.4.0' ],
36 silly audit   'lru-cache': [ '10.4.3' ],
36 silly audit   'lucide-react': [ '0.440.0' ],
36 silly audit   marked: [ '7.0.4' ],
36 silly audit   'md-to-react-email': [ '5.0.2' ],
36 silly audit   merge2: [ '1.4.1' ],
36 silly audit   micromatch: [ '4.0.8' ],
36 silly audit   'mime-db': [ '1.52.0' ],
36 silly audit   'mime-types': [ '2.1.35' ],
36 silly audit   minimist: [ '1.2.8' ],
36 silly audit   minipass: [ '7.1.2' ],
36 silly audit   ms: [ '2.1.3' ],
36 silly audit   mz: [ '2.7.0' ],
36 silly audit   nanoid: [ '3.3.7' ],
36 silly audit   'natural-compare': [ '1.4.0' ],
36 silly audit   next: [ '14.2.18' ],
36 silly audit   postcss: [ '8.4.31', '8.4.49' ],
36 silly audit   nopt: [ '7.2.1' ],
36 silly audit   'normalize-path': [ '3.0.0' ],
36 silly audit   'object-assign': [ '4.1.1' ],
36 silly audit   'object-hash': [ '3.0.0' ],
36 silly audit   'object-inspect': [ '1.13.3' ],
36 silly audit   'object-keys': [ '1.1.1' ],
36 silly audit   'object.assign': [ '4.1.5' ],
36 silly audit   'object.entries': [ '1.1.8' ],
36 silly audit   'object.fromentries': [ '2.0.8' ],
36 silly audit   'object.groupby': [ '1.0.3' ],
36 silly audit   'object.values': [ '1.2.0' ],
36 silly audit   once: [ '1.4.0' ],
36 silly audit   optionator: [ '0.9.4' ],
36 silly audit   'p-limit': [ '3.1.0' ],
36 silly audit   'p-locate': [ '5.0.0' ],
36 silly audit   'parent-module': [ '1.0.1' ],
36 silly audit   parseley: [ '0.12.1' ],
36 silly audit   'path-exists': [ '4.0.0' ],
36 silly audit   'path-is-absolute': [ '1.0.1' ],
36 silly audit   'path-key': [ '3.1.1' ],
36 silly audit   'path-parse': [ '1.0.7' ],
36 silly audit   'path-scurry': [ '1.11.1' ],
36 silly audit   'path-type': [ '4.0.0' ],
36 silly audit   peberminta: [ '0.9.0' ],
36 silly audit   picocolors: [ '1.1.1' ],
36 silly audit   picomatch: [ '2.3.1' ],
36 silly audit   pify: [ '2.3.0' ],
36 silly audit   pirates: [ '4.0.6' ],
36 silly audit   'possible-typed-array-names': [ '1.0.0' ],
36 silly audit   'postcss-import': [ '15.1.0' ],
36 silly audit   'postcss-js': [ '4.0.1' ],
36 silly audit   'postcss-load-config': [ '4.0.2' ],
36 silly audit   'postcss-nested': [ '6.2.0' ],
36 silly audit   'postcss-selector-parser': [ '6.1.2' ],
36 silly audit   'postcss-value-parser': [ '4.2.0' ],
36 silly audit   'prelude-ls': [ '1.2.1' ],
36 silly audit   prismjs: [ '1.29.0' ],
36 silly audit   'prop-types': [ '15.8.1' ],
36 silly audit   'proto-list': [ '1.2.4' ],
36 silly audit   'proxy-from-env': [ '1.1.0' ],
36 silly audit   punycode: [ '2.3.1' ],
36 silly audit   'queue-microtask': [ '1.2.3' ],
36 silly audit   react: [ '18.3.1' ],
36 silly audit   'react-dom': [ '18.3.1' ],
36 silly audit   'react-is': [ '16.13.1' ],
36 silly audit   'react-promise-suspense': [ '0.3.4' ],
36 silly audit   'react-remove-scroll': [ '2.6.0' ],
36 silly audit   'react-remove-scroll-bar': [ '2.3.6' ],
36 silly audit   'react-style-singleton': [ '2.2.1' ],
36 silly audit   'read-cache': [ '1.0.0' ],
36 silly audit   readdirp: [ '3.6.0' ],
36 silly audit   'reflect.getprototypeof': [ '1.0.6' ],
36 silly audit   'regexp.prototype.flags': [ '1.5.3' ],
36 silly audit   resend: [ '4.0.1-alpha.0' ],
36 silly audit   'resolve-from': [ '4.0.0' ],
36 silly audit   'resolve-pkg-maps': [ '1.0.0' ],
36 silly audit   reusify: [ '1.0.4' ],
36 silly audit   rimraf: [ '3.0.2' ],
36 silly audit   'run-parallel': [ '1.2.0' ],
36 silly audit   'safe-array-concat': [ '1.1.2' ],
36 silly audit   'safe-regex-test': [ '1.0.3' ],
36 silly audit   scheduler: [ '0.23.2' ],
36 silly audit   selderee: [ '0.11.0' ],
36 silly audit   'set-function-length': [ '1.2.2' ],
36 silly audit   'set-function-name': [ '2.0.2' ],
36 silly audit   'shebang-command': [ '2.0.0' ],
36 silly audit   'shebang-regex': [ '3.0.0' ],
36 silly audit   'side-channel': [ '1.0.6' ],
36 silly audit   'signal-exit': [ '4.1.0' ],
36 silly audit   slash: [ '3.0.0' ],
36 silly audit   'source-map-js': [ '1.2.1' ],
36 silly audit   streamsearch: [ '1.1.0' ],
36 silly audit   'string-width': [ '5.1.2', '4.2.3' ],
36 silly audit   'string.prototype.includes': [ '2.0.1' ],
36 silly audit   'string.prototype.matchall': [ '4.0.11' ],
36 silly audit   'string.prototype.repeat': [ '1.0.0' ],
36 silly audit   'string.prototype.trim': [ '1.2.9' ],
36 silly audit   'string.prototype.trimend': [ '1.0.8' ],
36 silly audit   'string.prototype.trimstart': [ '1.0.8' ],
36 silly audit   'strip-bom': [ '3.0.0' ],
36 silly audit   'strip-json-comments': [ '3.1.1' ],
36 silly audit   'styled-jsx': [ '5.1.1' ],
36 silly audit   sucrase: [ '3.35.0' ],
36 silly audit   'supports-color': [ '7.2.0' ],
36 silly audit   'supports-preserve-symlinks-flag': [ '1.0.0' ],
36 silly audit   'tailwind-merge': [ '2.5.4' ],
36 silly audit   tailwindcss: [ '3.4.14' ],
36 silly audit   'tailwindcss-animate': [ '1.0.7' ],
36 silly audit   tapable: [ '2.2.1' ],
36 silly audit   'text-table': [ '0.2.0' ],
36 silly audit   thenify: [ '3.3.1' ],
36 silly audit   'thenify-all': [ '1.6.0' ],
36 silly audit   'to-regex-range': [ '5.0.1' ],
36 silly audit   'ts-api-utils': [ '1.4.0' ],
36 silly audit   'ts-interface-checker': [ '0.1.13' ],
36 silly audit   'tsconfig-paths': [ '3.15.0' ],
36 silly audit   tslib: [ '2.8.1' ],
36 silly audit   'type-check': [ '0.4.0' ],
36 silly audit   'type-fest': [ '0.20.2' ],
36 silly audit   'typed-array-buffer': [ '1.0.2' ],
36 silly audit   'typed-array-byte-length': [ '1.0.1' ],
36 silly audit   'typed-array-byte-offset': [ '1.0.2' ],
36 silly audit   'typed-array-length': [ '1.0.6' ],
36 silly audit   typescript: [ '5.6.3' ],
36 silly audit   'unbox-primitive': [ '1.0.2' ],
36 silly audit   'undici-types': [ '6.19.8' ],
36 silly audit   'uri-js': [ '4.4.1' ],
36 silly audit   'use-callback-ref': [ '1.3.2' ],
36 silly audit   'use-sidecar': [ '1.1.2' ],
36 silly audit   'use-sync-external-store': [ '1.2.2' ],
36 silly audit   'util-deprecate': [ '1.0.2' ],
36 silly audit   which: [ '2.0.2' ],
36 silly audit   'which-boxed-primitive': [ '1.0.2' ],
36 silly audit   'which-builtin-type': [ '1.1.4' ],
36 silly audit   'which-collection': [ '1.0.2' ],
36 silly audit   'which-typed-array': [ '1.1.15' ],
36 silly audit   'word-wrap': [ '1.2.5' ],
36 silly audit   'wrap-ansi': [ '8.1.0', '7.0.0' ],
36 silly audit   wrappy: [ '1.0.2' ],
36 silly audit   yaml: [ '2.6.0' ],
36 silly audit   'yocto-queue': [ '0.1.0' ],
36 silly audit   '@netlify/functions': [ '2.8.2' ],
36 silly audit   '@netlify/serverless-functions-api': [ '1.26.1' ],
36 silly audit   '@netlify/node-cookies': [ '0.1.0' ],
36 silly audit   'urlpattern-polyfill': [ '8.0.2' ]
36 silly audit }
37 verbose reify failed optional dependency /Users/ngatyebrianoko/Documents/Design Projects/Explorimentalist/GPT_apps/elanjiminyya2/node_modules/@next/swc-win32-x64-msvc
38 silly reify mark deleted [
38 silly reify   '/Users/ngatyebrianoko/Documents/Design Projects/Explorimentalist/GPT_apps/elanjiminyya2/node_modules/@next/swc-win32-x64-msvc'
38 silly reify ]
39 verbose reify failed optional dependency /Users/ngatyebrianoko/Documents/Design Projects/Explorimentalist/GPT_apps/elanjiminyya2/node_modules/@next/swc-win32-ia32-msvc
40 silly reify mark deleted [
40 silly reify   '/Users/ngatyebrianoko/Documents/Design Projects/Explorimentalist/GPT_apps/elanjiminyya2/node_modules/@next/swc-win32-ia32-msvc'
40 silly reify ]
41 verbose reify failed optional dependency /Users/ngatyebrianoko/Documents/Design Projects/Explorimentalist/GPT_apps/elanjiminyya2/node_modules/@next/swc-win32-arm64-msvc
42 silly reify mark deleted [
42 silly reify   '/Users/ngatyebrianoko/Documents/Design Projects/Explorimentalist/GPT_apps/elanjiminyya2/node_modules/@next/swc-win32-arm64-msvc'
42 silly reify ]
43 verbose reify failed optional dependency /Users/ngatyebrianoko/Documents/Design Projects/Explorimentalist/GPT_apps/elanjiminyya2/node_modules/@next/swc-linux-x64-musl
44 silly reify mark deleted [
44 silly reify   '/Users/ngatyebrianoko/Documents/Design Projects/Explorimentalist/GPT_apps/elanjiminyya2/node_modules/@next/swc-linux-x64-musl'
44 silly reify ]
45 verbose reify failed optional dependency /Users/ngatyebrianoko/Documents/Design Projects/Explorimentalist/GPT_apps/elanjiminyya2/node_modules/@next/swc-linux-x64-gnu
46 silly reify mark deleted [
46 silly reify   '/Users/ngatyebrianoko/Documents/Design Projects/Explorimentalist/GPT_apps/elanjiminyya2/node_modules/@next/swc-linux-x64-gnu'
46 silly reify ]
47 verbose reify failed optional dependency /Users/ngatyebrianoko/Documents/Design Projects/Explorimentalist/GPT_apps/elanjiminyya2/node_modules/@next/swc-linux-arm64-musl
48 silly reify mark deleted [
48 silly reify   '/Users/ngatyebrianoko/Documents/Design Projects/Explorimentalist/GPT_apps/elanjiminyya2/node_modules/@next/swc-linux-arm64-musl'
48 silly reify ]
49 verbose reify failed optional dependency /Users/ngatyebrianoko/Documents/Design Projects/Explorimentalist/GPT_apps/elanjiminyya2/node_modules/@next/swc-linux-arm64-gnu
50 silly reify mark deleted [
50 silly reify   '/Users/ngatyebrianoko/Documents/Design Projects/Explorimentalist/GPT_apps/elanjiminyya2/node_modules/@next/swc-linux-arm64-gnu'
50 silly reify ]
51 verbose reify failed optional dependency /Users/ngatyebrianoko/Documents/Design Projects/Explorimentalist/GPT_apps/elanjiminyya2/node_modules/@next/swc-darwin-x64
52 silly reify mark deleted [
52 silly reify   '/Users/ngatyebrianoko/Documents/Design Projects/Explorimentalist/GPT_apps/elanjiminyya2/node_modules/@next/swc-darwin-x64'
52 silly reify ]
53 silly tarball no local data for urlpattern-polyfill@https://registry.npmjs.org/urlpattern-polyfill/-/urlpattern-polyfill-8.0.2.tgz. Extracting by manifest.
54 silly tarball no local data for @netlify/serverless-functions-api@https://registry.npmjs.org/@netlify/serverless-functions-api/-/serverless-functions-api-1.26.1.tgz. Extracting by manifest.
55 silly tarball no local data for @netlify/functions@https://registry.npmjs.org/@netlify/functions/-/functions-2.8.2.tgz. Extracting by manifest.
56 silly tarball no local data for @netlify/node-cookies@https://registry.npmjs.org/@netlify/node-cookies/-/node-cookies-0.1.0.tgz. Extracting by manifest.
57 http fetch GET 200 https://registry.npmjs.org/urlpattern-polyfill/-/urlpattern-polyfill-8.0.2.tgz 196ms (cache miss)
58 http fetch GET 200 https://registry.npmjs.org/@netlify/functions/-/functions-2.8.2.tgz 254ms (cache miss)
59 http fetch GET 200 https://registry.npmjs.org/@netlify/node-cookies/-/node-cookies-0.1.0.tgz 269ms (cache miss)
60 http fetch POST 200 https://registry.npmjs.org/-/npm/v1/security/advisories/bulk 314ms
61 silly audit report {}
62 http fetch GET 200 https://registry.npmjs.org/@netlify/serverless-functions-api/-/serverless-functions-api-1.26.1.tgz 317ms (cache miss)
63 silly ADD node_modules/urlpattern-polyfill
64 silly ADD node_modules/@netlify/node-cookies
65 silly ADD node_modules/@netlify/serverless-functions-api
66 silly ADD node_modules/@netlify/functions
67 silly ADD
68 silly ADD
69 silly ADD
70 silly ADD
71 silly ADD
72 silly ADD
73 silly ADD
74 silly ADD
75 verbose cwd /Users/ngatyebrianoko/Documents/Design Projects/Explorimentalist/GPT_apps/elanjiminyya2
76 verbose os Darwin 23.5.0
77 verbose node v20.18.0
78 verbose npm  v10.8.2
79 verbose exit 0
80 info ok
