0 verbose cli /Users/ngatyebrianoko/.nvm/versions/node/v20.18.0/bin/node /Users/ngatyebrianoko/.nvm/versions/node/v20.18.0/bin/npm
1 info using npm@10.8.2
2 info using node@v20.18.0
3 silly config load:file:/Users/ngatyebrianoko/.nvm/versions/node/v20.18.0/lib/node_modules/npm/npmrc
4 silly config load:file:/Users/ngatyebrianoko/Documents/Design Projects/Explorimentalist/GPT_apps/elanjiminyya2/.npmrc
5 silly config load:file:/Users/ngatyebrianoko/.npmrc
6 silly config load:file:/Users/ngatyebrianoko/.nvm/versions/node/v20.18.0/etc/npmrc
7 verbose title npm run deploy
8 verbose argv "run" "deploy"
9 verbose logfile logs-max:10 dir:/Users/ngatyebrianoko/Documents/Design Projects/Explorimentalist/GPT_apps/elanjiminyya2/.npm-cache/_logs/2024-11-17T12_16_01_462Z-
10 verbose logfile /Users/ngatyebrianoko/Documents/Design Projects/Explorimentalist/GPT_apps/elanjiminyya2/.npm-cache/_logs/2024-11-17T12_16_01_462Z-debug-0.log
11 silly logfile start cleaning logs, removing 1 files
12 silly logfile done cleaning log files
13 verbose stack Error: Missing script: "deploy"
13 verbose stack
13 verbose stack To see a list of scripts, run:
13 verbose stack   npm run
13 verbose stack     at #run (/Users/ngatyebrianoko/.nvm/versions/node/v20.18.0/lib/node_modules/npm/lib/commands/run-script.js:110:13)
13 verbose stack     at async RunScript.exec (/Users/ngatyebrianoko/.nvm/versions/node/v20.18.0/lib/node_modules/npm/lib/commands/run-script.js:39:7)
13 verbose stack     at async Npm.exec (/Users/ngatyebrianoko/.nvm/versions/node/v20.18.0/lib/node_modules/npm/lib/npm.js:207:9)
13 verbose stack     at async module.exports (/Users/ngatyebrianoko/.nvm/versions/node/v20.18.0/lib/node_modules/npm/lib/cli/entry.js:74:5)
14 error Missing script: "deploy"
14 error
14 error To see a list of scripts, run:
14 error   npm run
15 verbose cwd /Users/ngatyebrianoko/Documents/Design Projects/Explorimentalist/GPT_apps/elanjiminyya2
16 verbose os Darwin 23.5.0
17 verbose node v20.18.0
18 verbose npm  v10.8.2
19 verbose exit 1
20 verbose code 1
21 error A complete log of this run can be found in: /Users/ngatyebrianoko/Documents/Design Projects/Explorimentalist/GPT_apps/elanjiminyya2/.npm-cache/_logs/2024-11-17T12_16_01_462Z-debug-0.log
